[ 2018-09-22T17:27:02+08:00 ] ::1 /exam/index.php?
INFO: [ app_init ] --START--
INFO: Run Common\Behavior\InitHook [ RunTime:0.010084s ]
INFO: [ app_init ] --END-- [ RunTime:0.011398s ]
INFO: [ app_begin ] --START--
INFO: Run Behavior\ReadHtmlCache [ RunTime:0.000072s ]
INFO: [ app_begin ] --END-- [ RunTime:0.000161s ]
INFO: [ action_begin ] --START--
INFO: [ action_begin ] --END-- [ RunTime:0.000062s ]
NOTIC: [8192] mysql_connect(): The mysql extension is deprecated and will be removed in the future: use mysqli or PDO instead E:\myworkspace\project-php\Õ¯¬Á≤‚ ‘\code\ThinkPHP\Library\Think\Db\Driver\Mysql.class.php Á¨¨ 52 Ë°å.
SQL: SHOW COLUMNS FROM `ot33binbin_config` [ RunTime:0.036344s ]
SQL: SELECT `type`,`name`,`value` FROM `ot33binbin_config` WHERE ( `status` = 1 )  [ RunTime:0.000577s ]
SQL: SHOW COLUMNS FROM `ot33binbin_category` [ RunTime:0.097025s ]
SQL: SELECT `id`,`name`,`title`,`pid`,`sort`,`list_row`,`meta_title`,`keywords`,`description`,`template_index`,`template_lists`,`template_detail`,`template_edit`,`model`,`type`,`link_id`,`allow_publish`,`display`,`reply`,`check`,`reply_model`,`extend`,`create_time`,`update_time`,`status`,`icon` FROM `ot33binbin_category` WHERE ( `status` = 1 ) ORDER BY sort  [ RunTime:0.034195s ]
SQL: SHOW COLUMNS FROM `ot33binbin_document` [ RunTime:0.013726s ]
SQL: SELECT `id`,`uid`,`name`,`title`,`category_id`,`description`,`root`,`pid`,`model_id`,`type`,`position`,`link_id`,`cover_id`,`display`,`deadline`,`attach`,`view`,`comment`,`extend`,`level`,`create_time`,`update_time`,`status` FROM `ot33binbin_document` WHERE ( `status` = 1 ) AND ( `pid` = 0 ) AND ( `create_time` < 1537608421 ) AND ( deadline = 0 OR deadline > 1537608421 ) ORDER BY `id` DESC  [ RunTime:0.023697s ]
INFO: [ view_begin ] --START--
INFO: [ view_begin ] --END-- [ RunTime:0.000038s ]
INFO: [ view_parse ] --START--
INFO: [ template_filter ] --START--
INFO: Run Behavior\ContentReplace [ RunTime:0.000186s ]
INFO: [ template_filter ] --END-- [ RunTime:0.000264s ]
SQL: SHOW COLUMNS FROM `ot33binbin_channel` [ RunTime:0.013572s ]
SQL: SELECT `id`,`pid`,`title`,`url`,`sort`,`create_time`,`update_time`,`status`,`target` FROM `ot33binbin_channel` WHERE ( status=1 ) ORDER BY sort  [ RunTime:0.019120s ]
INFO: [ action_begin ] --START--
INFO: [ action_begin ] --END-- [ RunTime:-0.318612s ]
SQL: SELECT `id`,`name`,`title`,`pid`,`sort`,`list_row`,`meta_title`,`keywords`,`description`,`template_index`,`template_lists`,`template_detail`,`template_edit`,`model`,`type`,`link_id`,`allow_publish`,`display`,`reply`,`check`,`reply_model`,`extend`,`create_time`,`update_time`,`status`,`icon` FROM `ot33binbin_category` WHERE ( `id` = 1 ) LIMIT 1   [ RunTime:0.000648s ]
SQL: SELECT `id`,`name`,`pid`,`title`,`link_id` FROM `ot33binbin_category` WHERE ( `status` = 1 ) ORDER BY sort  [ RunTime:0.000517s ]
INFO: [ view_begin ] --START--
INFO: [ view_begin ] --END-- [ RunTime:-0.086266s ]
INFO: [ view_parse ] --START--
INFO: [ template_filter ] --START--
INFO: Run Behavior\ContentReplace [ RunTime:0.000056s ]
INFO: [ template_filter ] --END-- [ RunTime:-0.050839s ]
INFO: Run Behavior\ParseTemplate [ RunTime:0.012266s ]
INFO: [ view_parse ] --END-- [ RunTime:0.012347s ]
INFO: [ view_filter ] --START--
INFO: Run Behavior\WriteHtmlCache [ RunTime:0.000015s ]
INFO: [ view_filter ] --END-- [ RunTime:0.000052s ]
INFO: [ view_end ] --START--
INFO: [ view_end ] --END-- [ RunTime:0.000014s ]
SQL: SELECT `id`,`name`,`title`,`pid`,`sort`,`list_row`,`meta_title`,`keywords`,`description`,`template_index`,`template_lists`,`template_detail`,`template_edit`,`model`,`type`,`link_id`,`allow_publish`,`display`,`reply`,`check`,`reply_model`,`extend`,`create_time`,`update_time`,`status`,`icon` FROM `ot33binbin_category` WHERE ( `id` = 1 ) LIMIT 1   [ RunTime:0.000773s ]
SQL: SELECT `id`,`name`,`pid`,`title`,`link_id` FROM `ot33binbin_category` WHERE ( `status` = 1 ) ORDER BY sort  [ RunTime:0.000515s ]
SQL: SELECT `id`,`uid`,`name`,`title`,`category_id`,`description`,`root`,`pid`,`model_id`,`type`,`position`,`link_id`,`cover_id`,`display`,`deadline`,`attach`,`view`,`comment`,`extend`,`level`,`create_time`,`update_time`,`status` FROM `ot33binbin_document` WHERE ( `status` = 1 ) AND ( `pid` = 0 ) AND ( `category_id` IN ('39','2') ) AND ( `create_time` < 1537608421 ) AND ( deadline = 0 OR deadline > 1537608421 ) ORDER BY `level` DESC,`id` DESC LIMIT 0,10   [ RunTime:0.000827s ]
NOTIC: [8192] mysql_connect(): The mysql extension is deprecated and will be removed in the future: use mysqli or PDO instead E:\myworkspace\project-php\Õ¯¬Á≤‚ ‘\code\ThinkPHP\Library\Think\Db\Driver\Mysql.class.php Á¨¨ 52 Ë°å.
NOTIC: [2] mysql_connect(): Access denied for user 'root'@'localhost' (using password: YES) E:\myworkspace\project-php\Õ¯¬Á≤‚ ‘\code\ThinkPHP\Library\Think\Db\Driver\Mysql.class.php Á¨¨ 52 Ë°å.
ERR: 

[ 2018-09-22T17:27:07+08:00 ] ::1 /exam/index.php?s=/home/index/index.html
INFO: [ app_init ] --START--
INFO: Run Common\Behavior\InitHook [ RunTime:0.004405s ]
INFO: [ app_init ] --END-- [ RunTime:0.005116s ]
INFO: [ path_info ] --START--
INFO: [ path_info ] --END-- [ RunTime:0.000033s ]
INFO: [ app_begin ] --START--
INFO: Run Behavior\ReadHtmlCache [ RunTime:0.000058s ]
INFO: [ app_begin ] --END-- [ RunTime:0.000124s ]
INFO: [ action_begin ] --START--
INFO: [ action_begin ] --END-- [ RunTime:0.000055s ]
NOTIC: [8192] mysql_connect(): The mysql extension is deprecated and will be removed in the future: use mysqli or PDO instead E:\myworkspace\project-php\Õ¯¬Á≤‚ ‘\code\ThinkPHP\Library\Think\Db\Driver\Mysql.class.php Á¨¨ 52 Ë°å.
SQL: SHOW COLUMNS FROM `ot33binbin_config` [ RunTime:0.011943s ]
SQL: SELECT `type`,`name`,`value` FROM `ot33binbin_config` WHERE ( `status` = 1 )  [ RunTime:0.000526s ]
SQL: SHOW COLUMNS FROM `ot33binbin_category` [ RunTime:0.015215s ]
SQL: SELECT `id`,`name`,`title`,`pid`,`sort`,`list_row`,`meta_title`,`keywords`,`description`,`template_index`,`template_lists`,`template_detail`,`template_edit`,`model`,`type`,`link_id`,`allow_publish`,`display`,`reply`,`check`,`reply_model`,`extend`,`create_time`,`update_time`,`status`,`icon` FROM `ot33binbin_category` WHERE ( `status` = 1 ) ORDER BY sort  [ RunTime:0.000758s ]
SQL: SHOW COLUMNS FROM `ot33binbin_document` [ RunTime:0.013373s ]
SQL: SELECT `id`,`uid`,`name`,`title`,`category_id`,`description`,`root`,`pid`,`model_id`,`type`,`position`,`link_id`,`cover_id`,`display`,`deadline`,`attach`,`view`,`comment`,`extend`,`level`,`create_time`,`update_time`,`status` FROM `ot33binbin_document` WHERE ( `status` = 1 ) AND ( `pid` = 0 ) AND ( `create_time` < 1537608426 ) AND ( deadline = 0 OR deadline > 1537608426 ) ORDER BY `id` DESC  [ RunTime:0.000608s ]
INFO: [ view_begin ] --START--
INFO: [ view_begin ] --END-- [ RunTime:0.000030s ]
INFO: [ view_parse ] --START--
INFO: [ template_filter ] --START--
INFO: Run Behavior\ContentReplace [ RunTime:0.000214s ]
INFO: [ template_filter ] --END-- [ RunTime:0.000301s ]
SQL: SHOW COLUMNS FROM `ot33binbin_channel` [ RunTime:0.018124s ]
SQL: SELECT `id`,`pid`,`title`,`url`,`sort`,`create_time`,`update_time`,`status`,`target` FROM `ot33binbin_channel` WHERE ( status=1 ) ORDER BY sort  [ RunTime:0.000506s ]
INFO: [ action_begin ] --START--
INFO: [ action_begin ] --END-- [ RunTime:-0.109430s ]
SQL: SELECT `id`,`name`,`title`,`pid`,`sort`,`list_row`,`meta_title`,`keywords`,`description`,`template_index`,`template_lists`,`template_detail`,`template_edit`,`model`,`type`,`link_id`,`allow_publish`,`display`,`reply`,`check`,`reply_model`,`extend`,`create_time`,`update_time`,`status`,`icon` FROM `ot33binbin_category` WHERE ( `id` = 1 ) LIMIT 1   [ RunTime:0.000511s ]
SQL: SELECT `id`,`name`,`pid`,`title`,`link_id` FROM `ot33binbin_category` WHERE ( `status` = 1 ) ORDER BY sort  [ RunTime:0.000353s ]
INFO: [ view_begin ] --START--
INFO: [ view_begin ] --END-- [ RunTime:-0.052841s ]
INFO: [ view_parse ] --START--
INFO: [ template_filter ] --START--
INFO: Run Behavior\ContentReplace [ RunTime:0.000077s ]
INFO: [ template_filter ] --END-- [ RunTime:-0.034144s ]
INFO: Run Behavior\ParseTemplate [ RunTime:0.011408s ]
INFO: [ view_parse ] --END-- [ RunTime:0.011468s ]
INFO: [ view_filter ] --START--
INFO: Run Behavior\WriteHtmlCache [ RunTime:0.000015s ]
INFO: [ view_filter ] --END-- [ RunTime:0.000046s ]
INFO: [ view_end ] --START--
INFO: [ view_end ] --END-- [ RunTime:0.000013s ]
SQL: SELECT `id`,`name`,`title`,`pid`,`sort`,`list_row`,`meta_title`,`keywords`,`description`,`template_index`,`template_lists`,`template_detail`,`template_edit`,`model`,`type`,`link_id`,`allow_publish`,`display`,`reply`,`check`,`reply_model`,`extend`,`create_time`,`update_time`,`status`,`icon` FROM `ot33binbin_category` WHERE ( `id` = 1 ) LIMIT 1   [ RunTime:0.000577s ]
SQL: SELECT `id`,`name`,`pid`,`title`,`link_id` FROM `ot33binbin_category` WHERE ( `status` = 1 ) ORDER BY sort  [ RunTime:0.000373s ]
SQL: SELECT `id`,`uid`,`name`,`title`,`category_id`,`description`,`root`,`pid`,`model_id`,`type`,`position`,`link_id`,`cover_id`,`display`,`deadline`,`attach`,`view`,`comment`,`extend`,`level`,`create_time`,`update_time`,`status` FROM `ot33binbin_document` WHERE ( `status` = 1 ) AND ( `pid` = 0 ) AND ( `category_id` IN ('39','2') ) AND ( `create_time` < 1537608426 ) AND ( deadline = 0 OR deadline > 1537608426 ) ORDER BY `level` DESC,`id` DESC LIMIT 0,10   [ RunTime:0.000809s ]
NOTIC: [8192] mysql_connect(): The mysql extension is deprecated and will be removed in the future: use mysqli or PDO instead E:\myworkspace\project-php\Õ¯¬Á≤‚ ‘\code\ThinkPHP\Library\Think\Db\Driver\Mysql.class.php Á¨¨ 52 Ë°å.
NOTIC: [2] mysql_connect(): Access denied for user 'root'@'localhost' (using password: YES) E:\myworkspace\project-php\Õ¯¬Á≤‚ ‘\code\ThinkPHP\Library\Think\Db\Driver\Mysql.class.php Á¨¨ 52 Ë°å.
ERR: 

[ 2018-09-22T17:27:38+08:00 ] ::1 /exam/index.php?s=/game/index/mbtiinput.html
INFO: [ app_init ] --START--
INFO: Run Common\Behavior\InitHook [ RunTime:0.005814s ]
INFO: [ app_init ] --END-- [ RunTime:0.007464s ]
INFO: [ path_info ] --START--
INFO: [ path_info ] --END-- [ RunTime:0.000027s ]
INFO: [ app_begin ] --START--
INFO: Run Behavior\ReadHtmlCache [ RunTime:0.000051s ]
INFO: [ app_begin ] --END-- [ RunTime:0.000107s ]
INFO: [ action_begin ] --START--
INFO: [ action_begin ] --END-- [ RunTime:0.000048s ]
INFO: [ view_begin ] --START--
INFO: [ view_begin ] --END-- [ RunTime:0.000018s ]
INFO: [ view_parse ] --START--
INFO: [ template_filter ] --START--
INFO: Run Behavior\ContentReplace [ RunTime:0.000047s ]
INFO: [ template_filter ] --END-- [ RunTime:0.000113s ]
INFO: Run Behavior\ParseTemplate [ RunTime:0.017084s ]
INFO: [ view_parse ] --END-- [ RunTime:0.017205s ]
INFO: [ view_filter ] --START--
INFO: Run Behavior\WriteHtmlCache [ RunTime:0.000016s ]
INFO: [ view_filter ] --END-- [ RunTime:0.000052s ]
INFO: [ view_end ] --START--
INFO: [ view_end ] --END-- [ RunTime:0.000015s ]
INFO: [ app_end ] --START--
INFO: Run Behavior\ShowPageTrace [ RunTime:0.000034s ]
INFO: [ app_end ] --END-- [ RunTime:0.000068s ]

[ 2018-09-22T17:27:41+08:00 ] ::1 /exam/index.php?s=/game/index/mbtiinput.html
INFO: [ app_init ] --START--
INFO: Run Common\Behavior\InitHook [ RunTime:0.004047s ]
INFO: [ app_init ] --END-- [ RunTime:0.004836s ]
INFO: [ path_info ] --START--
INFO: [ path_info ] --END-- [ RunTime:0.000052s ]
INFO: [ app_begin ] --START--
INFO: Run Behavior\ReadHtmlCache [ RunTime:0.000063s ]
INFO: [ app_begin ] --END-- [ RunTime:0.000129s ]
INFO: [ action_begin ] --START--
INFO: [ action_begin ] --END-- [ RunTime:0.000045s ]
NOTIC: [8192] mysql_connect(): The mysql extension is deprecated and will be removed in the future: use mysqli or PDO instead E:\myworkspace\project-php\Õ¯¬Á≤‚ ‘\code\ThinkPHP\Library\Think\Db\Driver\Mysql.class.php Á¨¨ 52 Ë°å.
SQL: SHOW COLUMNS FROM `ot33binbin_exam_topic` [ RunTime:0.011471s ]
SQL: SHOW COLUMNS FROM `ot33binbin_exam_topic_choice` [ RunTime:0.013148s ]
SQL: INSERT INTO `ot33binbin_exam_topic` (`topicNumber`,`topictitle`) VALUES (11,'ssssssssssss') [ RunTime:0.050684s ]
SQL: INSERT INTO `ot33binbin_exam_topic_choice` (`choicenumber`,`choicecontent`) VALUES ('AA','ttttttttttt') [ RunTime:0.040287s ]
INFO: [ app_end ] --START--
INFO: Run Behavior\ShowPageTrace [ RunTime:0.000044s ]
INFO: [ app_end ] --END-- [ RunTime:0.000116s ]

[ 2018-09-22T17:29:26+08:00 ] ::1 /exam/index.php?s=/game/index/mbtiinput.html
INFO: [ app_init ] --START--
INFO: Run Common\Behavior\InitHook [ RunTime:0.005773s ]
INFO: [ app_init ] --END-- [ RunTime:0.006750s ]
INFO: [ path_info ] --START--
INFO: [ path_info ] --END-- [ RunTime:0.000166s ]
INFO: [ app_begin ] --START--
INFO: Run Behavior\ReadHtmlCache [ RunTime:0.000054s ]
INFO: [ app_begin ] --END-- [ RunTime:0.000110s ]
INFO: [ action_begin ] --START--
INFO: [ action_begin ] --END-- [ RunTime:0.000037s ]
INFO: [ view_begin ] --START--
INFO: [ view_begin ] --END-- [ RunTime:0.000018s ]
INFO: [ view_parse ] --START--
INFO: [ template_filter ] --START--
INFO: Run Behavior\ContentReplace [ RunTime:0.000049s ]
INFO: [ template_filter ] --END-- [ RunTime:0.000133s ]
INFO: Run Behavior\ParseTemplate [ RunTime:0.011467s ]
INFO: [ view_parse ] --END-- [ RunTime:0.011543s ]
INFO: [ view_filter ] --START--
INFO: Run Behavior\WriteHtmlCache [ RunTime:0.000015s ]
INFO: [ view_filter ] --END-- [ RunTime:0.000050s ]
INFO: [ view_end ] --START--
INFO: [ view_end ] --END-- [ RunTime:0.000013s ]
INFO: [ app_end ] --START--
INFO: Run Behavior\ShowPageTrace [ RunTime:0.000034s ]
INFO: [ app_end ] --END-- [ RunTime:0.000070s ]

[ 2018-09-22T17:29:27+08:00 ] ::1 /exam/index.php?s=/game/index/mbtiinput.html
INFO: [ app_init ] --START--
INFO: Run Common\Behavior\InitHook [ RunTime:0.003922s ]
INFO: [ app_init ] --END-- [ RunTime:0.005132s ]
INFO: [ path_info ] --START--
INFO: [ path_info ] --END-- [ RunTime:0.000054s ]
INFO: [ app_begin ] --START--
INFO: Run Behavior\ReadHtmlCache [ RunTime:0.000044s ]
INFO: [ app_begin ] --END-- [ RunTime:0.000087s ]
INFO: [ action_begin ] --START--
INFO: [ action_begin ] --END-- [ RunTime:0.000038s ]
NOTIC: [8192] mysql_connect(): The mysql extension is deprecated and will be removed in the future: use mysqli or PDO instead E:\myworkspace\project-php\Õ¯¬Á≤‚ ‘\code\ThinkPHP\Library\Think\Db\Driver\Mysql.class.php Á¨¨ 52 Ë°å.
SQL: SHOW COLUMNS FROM `ot33binbin_exam_topic` [ RunTime:0.013598s ]
SQL: SHOW COLUMNS FROM `ot33binbin_exam_topic_choice` [ RunTime:0.016495s ]
SQL: INSERT INTO `ot33binbin_exam_topic` (`topicnumber`,`topictitle`) VALUES (11,'ssssssssssss') [ RunTime:0.055696s ]
SQL: INSERT INTO `ot33binbin_exam_topic_choice` (`topicnumber`,`choicenumber`,`choicecontent`) VALUES (11,'AA','ttttttttttt') [ RunTime:0.040507s ]
INFO: [ app_end ] --START--
INFO: Run Behavior\ShowPageTrace [ RunTime:0.000053s ]
INFO: [ app_end ] --END-- [ RunTime:0.000129s ]

[ 2018-09-22T17:35:12+08:00 ] ::1 /exam/index.php?s=/game/index/mbtiinput.html
INFO: [ app_init ] --START--
INFO: Run Common\Behavior\InitHook [ RunTime:0.007882s ]
INFO: [ app_init ] --END-- [ RunTime:0.009124s ]
INFO: [ path_info ] --START--
INFO: [ path_info ] --END-- [ RunTime:0.000032s ]
INFO: [ app_begin ] --START--
INFO: Run Behavior\ReadHtmlCache [ RunTime:0.000058s ]
INFO: [ app_begin ] --END-- [ RunTime:0.000116s ]
INFO: [ action_begin ] --START--
INFO: [ action_begin ] --END-- [ RunTime:0.000061s ]
INFO: [ view_begin ] --START--
INFO: [ view_begin ] --END-- [ RunTime:0.000020s ]
INFO: [ view_parse ] --START--
INFO: [ template_filter ] --START--
INFO: Run Behavior\ContentReplace [ RunTime:0.000083s ]
INFO: [ template_filter ] --END-- [ RunTime:0.000189s ]
INFO: Run Behavior\ParseTemplate [ RunTime:0.025136s ]
INFO: [ view_parse ] --END-- [ RunTime:0.025220s ]
INFO: [ view_filter ] --START--
INFO: Run Behavior\WriteHtmlCache [ RunTime:0.000017s ]
INFO: [ view_filter ] --END-- [ RunTime:0.000054s ]
INFO: [ view_end ] --START--
INFO: [ view_end ] --END-- [ RunTime:0.000015s ]
INFO: [ app_end ] --START--
INFO: Run Behavior\ShowPageTrace [ RunTime:0.000052s ]
INFO: [ app_end ] --END-- [ RunTime:0.000096s ]

[ 2018-09-22T17:40:08+08:00 ] ::1 /exam/index.php?s=/game/index/mbtiinput.html
INFO: [ app_init ] --START--
INFO: Run Common\Behavior\InitHook [ RunTime:0.004912s ]
INFO: [ app_init ] --END-- [ RunTime:0.005743s ]
INFO: [ path_info ] --START--
INFO: [ path_info ] --END-- [ RunTime:0.000041s ]
INFO: [ app_begin ] --START--
INFO: Run Behavior\ReadHtmlCache [ RunTime:0.000068s ]
INFO: [ app_begin ] --END-- [ RunTime:0.000137s ]
INFO: [ action_begin ] --START--
INFO: [ action_begin ] --END-- [ RunTime:0.000052s ]
INFO: [ view_begin ] --START--
INFO: [ view_begin ] --END-- [ RunTime:0.000021s ]
INFO: [ view_parse ] --START--
INFO: [ template_filter ] --START--
INFO: Run Behavior\ContentReplace [ RunTime:0.000046s ]
INFO: [ template_filter ] --END-- [ RunTime:0.000116s ]
INFO: Run Behavior\ParseTemplate [ RunTime:0.013187s ]
INFO: [ view_parse ] --END-- [ RunTime:0.013266s ]
INFO: [ view_filter ] --START--
INFO: Run Behavior\WriteHtmlCache [ RunTime:0.000015s ]
INFO: [ view_filter ] --END-- [ RunTime:0.000047s ]
INFO: [ view_end ] --START--
INFO: [ view_end ] --END-- [ RunTime:0.000013s ]
INFO: [ app_end ] --START--
INFO: Run Behavior\ShowPageTrace [ RunTime:0.000035s ]
INFO: [ app_end ] --END-- [ RunTime:0.000066s ]

[ 2018-09-22T17:40:29+08:00 ] ::1 /exam/index.php?s=/game/index/mbtiinput.html
INFO: [ app_init ] --START--
INFO: Run Common\Behavior\InitHook [ RunTime:0.004266s ]
INFO: [ app_init ] --END-- [ RunTime:0.005604s ]
INFO: [ path_info ] --START--
INFO: [ path_info ] --END-- [ RunTime:0.000032s ]
INFO: [ app_begin ] --START--
INFO: Run Behavior\ReadHtmlCache [ RunTime:0.000050s ]
INFO: [ app_begin ] --END-- [ RunTime:0.000094s ]
INFO: [ action_begin ] --START--
INFO: [ action_begin ] --END-- [ RunTime:0.000048s ]
INFO: [ view_begin ] --START--
INFO: [ view_begin ] --END-- [ RunTime:0.000021s ]
INFO: [ view_parse ] --START--
INFO: [ template_filter ] --START--
INFO: Run Behavior\ContentReplace [ RunTime:0.000042s ]
INFO: [ template_filter ] --END-- [ RunTime:0.000108s ]
INFO: Run Behavior\ParseTemplate [ RunTime:0.010291s ]
INFO: [ view_parse ] --END-- [ RunTime:0.010369s ]
INFO: [ view_filter ] --START--
INFO: Run Behavior\WriteHtmlCache [ RunTime:0.000015s ]
INFO: [ view_filter ] --END-- [ RunTime:0.000058s ]
INFO: [ view_end ] --START--
INFO: [ view_end ] --END-- [ RunTime:0.000013s ]
INFO: [ app_end ] --START--
INFO: Run Behavior\ShowPageTrace [ RunTime:0.000033s ]
INFO: [ app_end ] --END-- [ RunTime:0.000063s ]

[ 2018-09-22T17:40:55+08:00 ] ::1 /exam/index.php?s=/game/index/mbtiinput.html
INFO: [ app_init ] --START--
INFO: Run Common\Behavior\InitHook [ RunTime:0.005873s ]
INFO: [ app_init ] --END-- [ RunTime:0.007007s ]
INFO: [ path_info ] --START--
INFO: [ path_info ] --END-- [ RunTime:0.000059s ]
INFO: [ app_begin ] --START--
INFO: Run Behavior\ReadHtmlCache [ RunTime:0.000077s ]
INFO: [ app_begin ] --END-- [ RunTime:0.000159s ]
INFO: [ action_begin ] --START--
INFO: [ action_begin ] --END-- [ RunTime:0.000076s ]
INFO: [ view_begin ] --START--
INFO: [ view_begin ] --END-- [ RunTime:0.000039s ]
INFO: [ view_parse ] --START--
INFO: [ template_filter ] --START--
INFO: Run Behavior\ContentReplace [ RunTime:0.000107s ]
INFO: [ template_filter ] --END-- [ RunTime:0.000366s ]
INFO: Run Behavior\ParseTemplate [ RunTime:0.019764s ]
INFO: [ view_parse ] --END-- [ RunTime:0.019893s ]
INFO: [ view_filter ] --START--
INFO: Run Behavior\WriteHtmlCache [ RunTime:0.000024s ]
INFO: [ view_filter ] --END-- [ RunTime:0.000128s ]
INFO: [ view_end ] --START--
INFO: [ view_end ] --END-- [ RunTime:0.000025s ]
INFO: [ app_end ] --START--
INFO: Run Behavior\ShowPageTrace [ RunTime:0.000054s ]
INFO: [ app_end ] --END-- [ RunTime:0.000112s ]

[ 2018-09-22T17:41:07+08:00 ] ::1 /exam/index.php?s=/game/index/mbtiinput.html
INFO: [ app_init ] --START--
INFO: Run Common\Behavior\InitHook [ RunTime:0.004698s ]
INFO: [ app_init ] --END-- [ RunTime:0.005619s ]
INFO: [ path_info ] --START--
INFO: [ path_info ] --END-- [ RunTime:0.000045s ]
INFO: [ app_begin ] --START--
INFO: Run Behavior\ReadHtmlCache [ RunTime:0.000077s ]
INFO: [ app_begin ] --END-- [ RunTime:0.000156s ]
INFO: [ action_begin ] --START--
INFO: [ action_begin ] --END-- [ RunTime:0.000089s ]
INFO: [ view_begin ] --START--
INFO: [ view_begin ] --END-- [ RunTime:0.000023s ]
INFO: [ view_parse ] --START--
INFO: [ template_filter ] --START--
INFO: Run Behavior\ContentReplace [ RunTime:0.000071s ]
INFO: [ template_filter ] --END-- [ RunTime:0.000175s ]
INFO: Run Behavior\ParseTemplate [ RunTime:0.014530s ]
INFO: [ view_parse ] --END-- [ RunTime:0.014692s ]
INFO: [ view_filter ] --START--
INFO: Run Behavior\WriteHtmlCache [ RunTime:0.000054s ]
INFO: [ view_filter ] --END-- [ RunTime:0.000146s ]
INFO: [ view_end ] --START--
INFO: [ view_end ] --END-- [ RunTime:0.000026s ]
INFO: [ app_end ] --START--
INFO: Run Behavior\ShowPageTrace [ RunTime:0.000057s ]
INFO: [ app_end ] --END-- [ RunTime:0.000128s ]

